\BOOKMARK [0][-]{chapter.1}{\376\377\000T\000r\000a\000n\000s\000m\000i\000s\000s\000i\000o\000n\000\040\000L\000i\000n\000e\000\040\000T\000h\000e\000o\000r\000y\000\040\117\040\217\223\176\277\164\006\213\272\000\040}{}% 1
\BOOKMARK [1][-]{section.1.1}{\376\377\000T\000r\000a\000n\000s\000m\000i\000s\000s\000i\000o\000n\000\040\000L\000i\000n\000e\000\040\000E\000q\000u\000a\000t\000i\000o\000n\000\040\117\040\217\223\176\277\145\271\172\013\000\040}{chapter.1}% 2
\BOOKMARK [2][-]{subsection.1.1.1}{\376\377\137\256\154\342\117\040\217\223\176\277}{section.1.1}% 3
\BOOKMARK [2][-]{subsection.1.1.2}{\376\377\117\040\217\223\176\277\145\271\172\013}{section.1.1}% 4
\BOOKMARK [2][-]{subsection.1.1.3}{\376\377\145\340\200\027\117\040\217\223\176\277\145\271\172\013}{section.1.1}% 5
\BOOKMARK [2][-]{subsection.1.1.4}{\376\377\145\340\200\027\117\040\217\223\176\277\166\204\217\271\165\114\147\141\116\366}{section.1.1}% 6
\BOOKMARK [1][-]{section.1.2}{\376\377\000T\000r\000a\000n\000s\000m\000i\000s\000s\000i\000o\000n\000\040\000A\000n\000a\000l\000y\000s\000i\000s\000\040\000I\000\040\117\040\217\223\162\266\140\001\122\006\147\220\000\040\000I\000\040}{chapter.1}% 7
\BOOKMARK [2][-]{subsection.1.2.1}{\376\377\116\373\141\017\117\115\177\156\166\204\123\315\134\004\174\373\145\160}{section.1.2}% 8
\BOOKMARK [2][-]{subsection.1.2.2}{\376\377\116\373\141\017\117\115\177\156\166\204\217\223\121\145\226\073\142\227}{section.1.2}% 9
\BOOKMARK [2][-]{subsection.1.2.3}{\376\377\165\065\123\213\232\173\154\342\153\324\040\024\040\024\117\040\217\223\174\373\176\337\166\204\116\015\123\330\221\317}{section.1.2}% 10
\BOOKMARK [2][-]{subsection.1.2.4}{\376\377\210\114\232\173\154\342\122\237\163\207\121\163\174\373}{section.1.2}% 11
\BOOKMARK [2][-]{subsection.1.2.5}{\376\377\117\040\217\223\176\277\166\204\210\114\154\342\162\266\140\001}{section.1.2}% 12
\BOOKMARK [2][-]{subsection.1.2.6}{\376\377\117\040\217\223\176\277\166\204\121\150\232\173\154\342\162\266\140\001}{section.1.2}% 13
\BOOKMARK [1][-]{section.1.3}{\376\377\000T\000r\000a\000n\000s\000m\000i\000s\000s\000i\000o\000n\000\040\000A\000n\000a\000l\000y\000s\000i\000s\000\040\000I\000I\000\040\117\040\217\223\162\266\140\001\122\006\147\220\000\040\000I\000I\000\040}{chapter.1}% 14
\BOOKMARK [2][-]{subsection.1.3.1}{\376\377\117\040\217\223\176\277\166\204\210\114\232\173\154\342\162\266\140\001}{section.1.3}% 15
\BOOKMARK [2][-]{subsection.1.3.2}{\376\377\210\114\232\173\154\342\226\073\142\227\126\376\137\142}{section.1.3}% 16
\BOOKMARK [1][-]{section.1.4}{\376\377\000T\000r\000a\000n\000s\000m\000i\000s\000s\000i\000o\000n\000\040\000M\000a\000t\000r\000i\000x\000\040\000S\000o\000l\000u\000t\000i\000o\000n\000\040\117\040\217\223\167\351\226\065\211\343\000\040}{chapter.1}% 17
\BOOKMARK [2][-]{subsection.1.4.1}{\376\377\117\040\217\223\176\277\153\265\166\204\167\351\226\065\211\343}{section.1.4}% 18
\BOOKMARK [2][-]{subsection.1.4.2}{\376\377\117\040\217\223\167\351\226\065\166\204\146\156\220\115\164\006\213\272}{section.1.4}% 19
\BOOKMARK [2][-]{subsection.1.4.3}{\376\377\137\256\154\342\121\103\116\366\166\204\000A\123\302\145\160\167\351\226\065}{section.1.4}% 20
\BOOKMARK [1][-]{section.1.5}{\376\377\000P\000r\000o\000b\000l\000e\000m\000s\000\040\117\213\230\230\213\262\211\343}{chapter.1}% 21
\BOOKMARK [1][-]{section.1.6}{\376\377\000S\000m\000i\000t\000h\000\040\000C\000h\000a\000r\000t\000\040\123\362\133\306\145\257\127\006\126\376}{chapter.1}% 22
\BOOKMARK [2][-]{subsection.1.6.1}{\376\377\000S\000m\000i\000t\000h\127\006\126\376\127\372\147\054\123\237\164\006}{section.1.6}% 23
\BOOKMARK [2][-]{subsection.1.6.2}{\376\377\000S\000m\000i\000t\000h\127\006\126\376\127\372\147\054\140\047\215\050}{section.1.6}% 24
\BOOKMARK [2][-]{subsection.1.6.3}{\376\377\000S\000m\000i\000t\000h\127\006\126\376\122\237\200\375\124\214\136\224\165\050}{section.1.6}% 25
\BOOKMARK [1][-]{section.1.7}{\376\377\000I\000m\000p\000e\000d\000a\000n\000c\000e\000\040\000M\000a\000t\000c\000h\000i\000n\000g\000\040\226\073\142\227\123\071\221\115}{chapter.1}% 26
\BOOKMARK [2][-]{subsection.1.7.1}{\376\377\165\065\142\227\140\047\215\037\217\175\123\071\221\115}{section.1.7}% 27
\BOOKMARK [1][-]{section.1.8}{\376\377\000C\000o\000m\000p\000u\000t\000a\000t\000i\000o\000n\000\040\000S\000o\000l\000u\000t\000i\000o\000n\000s\000\040\000f\000o\000r\000\040\000T\000r\000a\000n\000s\000m\000i\000s\000s\000i\000o\000n\000\040\000T\000h\000e\000o\000r\000y\000\040\117\040\217\223\176\277\213\241\173\227\147\072\211\343}{chapter.1}% 28
\BOOKMARK [1][-]{section.1.9}{\376\377\000P\000r\000o\000b\000l\000e\000m\000s\000\040\117\213\230\230\213\262\211\343}{chapter.1}% 29
\BOOKMARK [0][-]{chapter.2}{\376\377\000G\000u\000i\000d\000e\000\040\000W\000a\000v\000e\000\040\000S\000y\000s\000t\000e\000m\000s\000\040\154\342\133\374\174\373\176\337}{}% 30
\BOOKMARK [1][-]{section.2.1}{\376\377\136\177\116\111\117\040\217\223\176\277\164\006\213\272}{chapter.2}% 31
\BOOKMARK [2][-]{subsection.2.1.1}{\376\377\121\372\123\321\160\271\124\214\120\107\133\232\147\141\116\366}{section.2.1}% 32
\BOOKMARK [2][-]{subsection.2.1.2}{\376\377\000G\000e\000n\000e\000r\000a\000l\000i\000z\000e\000d\000\040\000T\000r\000a\000n\000s\000m\000i\000s\000s\000i\000o\000n\000\040\000L\000i\000n\000e\000\040\000T\000h\000e\000o\000r\000y\000\040\136\177\116\111\117\040\217\223\176\277\164\006\213\272}{section.2.1}% 33
\BOOKMARK [2][-]{subsection.2.1.3}{\376\377\116\316\123\314\133\374\176\277\122\060\154\342\133\374}{section.2.1}% 34
\BOOKMARK [1][-]{section.2.2}{\376\377\000T\000E\0001\0000\000\040\000M\000o\000d\000e\000\040\000i\000n\000\040\000R\000e\000c\000t\000a\000n\000g\000u\000l\000a\000r\000\040\000W\000a\000v\000e\000g\000u\000i\000d\000e\000\040\167\351\137\142\154\342\133\374\000T\000E\0001\0000\152\041}{chapter.2}% 35
\BOOKMARK [1][-]{section.2.3}{\376\377\000E\000i\000g\000e\000n\000m\000o\000d\000e\000s\000\040\000i\000n\000\040\000R\000e\000c\000t\000a\000n\000g\000u\000l\000a\000r\000\040\000W\000a\000v\000e\000g\000u\000i\000d\000e\000\040\167\351\137\142\154\342\133\374\116\055\166\204\147\054\137\201\152\041}{chapter.2}% 36
\BOOKMARK [1][-]{section.2.4}{\376\377\000P\000r\000o\000b\000l\000e\000m\000s\000\040\117\213\230\230\213\262\211\343}{chapter.2}% 37
\BOOKMARK [1][-]{section.2.5}{\376\377\000C\000i\000r\000c\000u\000l\000a\000r\000\040\000W\000a\000v\000e\000g\000u\000i\000d\000e\000\040\127\006\154\342\133\374}{chapter.2}% 38
\BOOKMARK [2][-]{subsection.2.5.1}{\376\377\127\006\154\342\133\374\166\204\116\000\202\054\211\343}{section.2.5}% 39
\BOOKMARK [2][-]{subsection.2.5.2}{\376\377\127\006\154\342\133\374\166\204\116\073\211\201\140\047\215\050}{section.2.5}% 40
\BOOKMARK [2][-]{subsection.2.5.3}{\376\377\127\006\154\342\133\374\116\055\166\204\116\011\171\315\116\073\211\201\154\342\137\142}{section.2.5}% 41
\BOOKMARK [1][-]{section.2.6}{\376\377\000C\000o\000a\000x\000i\000a\000l\000\040\000T\000r\000a\000n\000s\000m\000i\000s\000s\000i\000o\000n\000\040\000L\000i\000n\000e\000\040\000a\000n\000d\000\040\000P\000a\000r\000a\000l\000l\000e\000l\000-\000P\000l\000a\000t\000e\000\040\000W\000a\000v\000e\000g\000u\000i\000d\000e\000\040\124\014\217\164\176\277\124\214\136\163\147\177\154\342\133\374}{chapter.2}% 42
\BOOKMARK [2][-]{subsection.2.6.1}{\376\377\124\014\217\164\176\277}{section.2.6}% 43
\BOOKMARK [2][-]{subsection.2.6.2}{\376\377\227\136\127\107\123\000\130\153\121\105\166\204\136\163\227\142\154\342\133\374}{section.2.6}% 44
\BOOKMARK [1][-]{section.2.7}{\376\377\000D\000i\000e\000l\000e\000c\000t\000r\000i\000c\000\040\000W\000a\000v\000e\000g\000u\000i\000d\000e\000\040\116\313\215\050\154\342\133\374}{chapter.2}% 45
\BOOKMARK [1][-]{section.2.8}{\376\377\200\046\124\010\117\040\217\223\176\277}{chapter.2}% 46
\BOOKMARK [1][-]{section.2.9}{\376\377\134\017\176\323}{chapter.2}% 47
\BOOKMARK [0][-]{chapter.3}{\376\377\000M\000i\000c\000r\000o\000w\000a\000v\000e\000\040\000E\000l\000e\000m\000e\000n\000t\000s\000\040\000a\000n\000d\000\040\000N\000e\000t\000w\000o\000r\000k\000s\000\040\137\256\154\342\121\103\116\366\116\016\177\121\176\334\122\006\147\220}{}% 48
\BOOKMARK [1][-]{section.3.1}{\376\377\000S\123\302\145\160\166\204\137\025\121\145}{chapter.3}% 49
\BOOKMARK [2][-]{subsection.3.1.1}{\376\377\121\145\134\004\154\342\124\214\123\315\134\004\154\342}{section.3.1}% 50
\BOOKMARK [2][-]{subsection.3.1.2}{\376\377\000S\123\302\145\160\166\204\133\232\116\111\124\214\162\151\164\006\141\017\116\111}{section.3.1}% 51
\BOOKMARK [2][-]{subsection.3.1.3}{\376\377\177\121\176\334\140\047\215\050\166\204\000S\123\302\145\160\143\317\217\360}{section.3.1}% 52
\BOOKMARK [1][-]{section.3.2}{\376\377\000S\123\302\145\160\166\204\123\330\143\142\133\232\164\006}{chapter.3}% 53
\BOOKMARK [2][-]{subsection.3.2.1}{\376\377\215\037\217\175\123\330\143\142}{section.3.2}% 54
\BOOKMARK [2][-]{subsection.3.2.2}{\376\377\123\315\134\004\174\373\145\160\123\330\143\142}{section.3.2}% 55
\BOOKMARK [2][-]{subsection.3.2.3}{\376\377\000A\123\302\145\160\167\351\226\065\217\154\123\026\116\072\000S\123\302\145\160\167\351\226\065}{section.3.2}% 56
\BOOKMARK [1][-]{section.3.3}{\376\377\123\125\172\357\123\343\121\103\116\366}{chapter.3}% 57
\BOOKMARK [2][-]{subsection.3.3.1}{\376\377\123\071\221\115\121\103\116\366}{section.3.3}% 58
\BOOKMARK [2][-]{subsection.3.3.2}{\376\377\167\355\215\357\121\103\116\366}{section.3.3}% 59
\BOOKMARK [2][-]{subsection.3.3.3}{\376\377\131\061\221\115\121\103\116\366}{section.3.3}% 60
\BOOKMARK [0][-]{chapter.4}{\376\377\000M\000i\000c\000r\000o\000w\000a\000v\000e\000\040\000R\000e\000s\000o\000n\000a\000t\000o\000r\000s\000\040\000T\000h\000e\000o\000r\000y\000\040\137\256\154\342\214\020\143\057\201\124\164\006\213\272}{}% 61
\BOOKMARK [1][-]{section.4.1}{\376\377\137\256\154\342\214\020\143\057\201\124\166\204\162\171\140\047\123\302\145\160}{chapter.4}% 62
\BOOKMARK [2][-]{subsection.4.1.1}{\376\377\214\020\143\057\154\342\225\177}{section.4.1}% 63
\BOOKMARK [2][-]{subsection.4.1.2}{\376\377\124\301\215\050\126\340\145\160}{section.4.1}% 64
\BOOKMARK [2][-]{subsection.4.1.3}{\376\377\173\111\145\110\165\065\133\374}{section.4.1}% 65
\BOOKMARK [0][-]{chapter.5}{\376\377\131\051\176\277\164\006\213\272\127\372\170\100}{}% 66
\BOOKMARK [1][-]{section.5.1}{\376\377\165\065\170\301\127\072\127\372\147\054\145\271\172\013}{chapter.5}% 67
\BOOKMARK [2][-]{subsection.5.1.1}{\376\377\000M\000a\000x\000w\000e\000l\000l\145\271\172\013\176\304}{section.5.1}% 68
\BOOKMARK [2][-]{subsection.5.1.2}{\376\377\147\054\147\204\121\163\174\373}{section.5.1}% 69
\BOOKMARK [2][-]{subsection.5.1.3}{\376\377\165\065\116\313\215\050\166\204\140\047\215\050}{section.5.1}% 70
\BOOKMARK [2][-]{subsection.5.1.4}{\376\377\145\366\123\330\165\065\170\301\127\072\166\204\217\271\165\114\147\141\116\366}{section.5.1}% 71
\BOOKMARK [2][-]{subsection.5.1.5}{\376\377\145\366\214\020\165\065\170\301\127\072\166\204\131\015\167\342\221\317\210\150\171\072}{section.5.1}% 72
\BOOKMARK [2][-]{subsection.5.1.6}{\376\377\127\141\123\160\136\367\133\232\164\006}{section.5.1}% 73
\BOOKMARK [2][-]{subsection.5.1.7}{\376\377\154\342\122\250\145\271\172\013}{section.5.1}% 74
\BOOKMARK [1][-]{section.5.2}{\376\377\122\277\121\375\145\160\123\312\121\166\211\343\377\010\167\342\117\115\154\325\377\011}{chapter.5}% 75
\BOOKMARK [2][-]{subsection.5.2.1}{\376\377\122\277\121\375\145\160\123\312\121\166\211\304\203\003}{section.5.2}% 76
\BOOKMARK [2][-]{subsection.5.2.2}{\376\377\156\336\124\016\122\277\166\204\154\102\211\343}{section.5.2}% 77
\BOOKMARK [2][-]{subsection.5.2.3}{\376\377\217\220\134\004\147\141\116\366}{section.5.2}% 78
\BOOKMARK [1][-]{section.5.3}{\376\377\165\065\127\372\147\054\143\057\133\120}{chapter.5}% 79
\BOOKMARK [2][-]{subsection.5.3.1}{\376\377\165\065\127\372\147\054\143\057\133\120\166\204\217\220\134\004\127\072}{section.5.3}% 80
\BOOKMARK [2][-]{subsection.5.3.2}{\376\377\165\065\127\372\147\054\143\057\133\120\166\204\217\321\060\001\217\334\127\072\217\220\134\004\162\171\140\047}{section.5.3}% 81
\BOOKMARK [0][-]{chapter.6}{\376\377\131\051\176\277\166\204\165\065\123\302\145\160}{}% 82
\BOOKMARK [1][-]{section.6.1}{\376\377\217\220\134\004\162\171\140\047\123\302\145\160}{chapter.6}% 83
\BOOKMARK [2][-]{subsection.6.1.1}{\376\377\217\220\134\004\145\271\124\021\126\376}{section.6.1}% 84
\BOOKMARK [2][-]{subsection.6.1.2}{\376\377\133\371\171\360\143\057\133\120\166\204\217\220\134\004\127\072}{section.6.1}% 85
\BOOKMARK [2][-]{subsection.6.1.3}{\376\377\217\220\134\004\122\237\163\207\124\214\217\220\134\004\165\065\226\073}{section.6.1}% 86
\BOOKMARK [2][-]{subsection.6.1.4}{\376\377\217\220\134\004\122\237\163\207\124\214\217\220\134\004\226\073\142\227}{section.6.1}% 87
\BOOKMARK [2][-]{subsection.6.1.5}{\376\377\131\051\176\277\166\204\147\011\145\110\225\177\136\246}{section.6.1}% 88
\BOOKMARK [2][-]{subsection.6.1.6}{\376\377\145\271\124\021\174\373\145\160}{section.6.1}% 89
\BOOKMARK [2][-]{subsection.6.1.7}{\376\377\133\371\171\360\143\057\133\120\166\204\217\223\121\145\226\073\142\227}{section.6.1}% 90
\BOOKMARK [1][-]{section.6.2}{\376\377\166\204}{chapter.6}% 91
\BOOKMARK [0][-]{chapter.7}{\376\377\177\035\226\231\131\051\176\277\124\214\137\256\136\046\131\051\176\277}{}% 92
\BOOKMARK [1][-]{section.7.1}{\376\377\164\006\140\363\177\035\226\231\131\051\176\277}{chapter.7}% 93
\BOOKMARK [2][-]{subsection.7.1.1}{\376\377\165\065\170\301\127\072\166\204\135\364\117\376\155\205\123\237\164\006\124\214\177\035\226\231\131\051\176\277}{section.7.1}% 94
\BOOKMARK [1][-]{section.7.2}{\376\377\167\351\137\142\154\342\133\374\177\035\226\231\131\051\176\277}{chapter.7}% 95
\BOOKMARK [2][-]{subsection.7.2.1}{\376\377\154\342\133\374\177\035\226\231\131\051\176\277\226\065\122\027}{section.7.2}% 96
\BOOKMARK [2][-]{subsection.7.2.2}{\376\377\154\342\133\374\177\035\226\231\226\065\166\204\145\271\124\021\140\047}{section.7.2}% 97
\BOOKMARK [1][-]{section.7.3}{\376\377\137\256\136\046\131\051\176\277}{chapter.7}% 98
\BOOKMARK [2][-]{subsection.7.3.1}{\376\377\137\256\136\046\131\051\176\277\166\204\176\323\147\204}{section.7.3}% 99
\BOOKMARK [2][-]{subsection.7.3.2}{\376\377\137\256\136\046\131\051\176\277\166\204\217\220\134\004\123\237\164\006}{section.7.3}% 100
\BOOKMARK [2][-]{subsection.7.3.3}{\376\377\137\256\136\046\131\051\176\277\166\204\122\006\147\220\145\271\154\325}{section.7.3}% 101
\BOOKMARK [1][-]{section.7.4}{\376\377\136\070\211\301\133\275\136\046\131\051\176\277}{chapter.7}% 102
\BOOKMARK [2][-]{subsection.7.4.1}{\376\377\203\361\137\142\131\051\176\277}{section.7.4}% 103
\BOOKMARK [2][-]{subsection.7.4.2}{\376\377\207\272\145\313\131\051\176\277}{section.7.4}% 104
\BOOKMARK [2][-]{subsection.7.4.3}{\376\377\227\136\230\221\123\330\131\051\176\277}{section.7.4}% 105
\BOOKMARK [2][-]{subsection.7.4.4}{\376\377\137\025\124\021\131\051\176\277}{section.7.4}% 106
\BOOKMARK [1][-]{section.7.5}{\376\377\227\142\131\051\176\277}{chapter.7}% 107
\BOOKMARK [2][-]{subsection.7.5.1}{\376\377\227\142\131\051\176\277\166\204\127\372\147\054\164\006\213\272\124\214\122\006\147\220\145\271\154\325}{section.7.5}% 108
\BOOKMARK [2][-]{subsection.7.5.2}{\376\377\173\111\145\110\123\237\164\006}{section.7.5}% 109
\BOOKMARK [2][-]{subsection.7.5.3}{\376\377\136\163\227\142\123\343\137\204\166\204\176\325\134\004\225\356\230\230}{section.7.5}% 110
\BOOKMARK [0][-]{appendix.a.A}{\376\377\137\025\165\050}{}% 111
\BOOKMARK [1][-]{section.a.A.1}{\376\377\167\001\165\145\166\204\213\301\146\016\217\307\172\013}{appendix.a.A}% 112
\BOOKMARK [1][-]{section.a.A.2}{\376\377\127\120\150\007\174\373}{appendix.a.A}% 113
\BOOKMARK [2][-]{subsection.a.A.2.1}{\376\377\136\177\116\111\153\143\116\244\127\120\150\007\174\373}{section.a.A.2}% 114
\BOOKMARK [2][-]{subsection.a.A.2.2}{\376\377\000L\000a\000m\000e\174\373\145\160}{section.a.A.2}% 115
\BOOKMARK [1][-]{section.a.A.3}{\376\377\121\154\137\017\116\016\133\232\164\006}{appendix.a.A}% 116
\BOOKMARK [2][-]{subsection.a.A.3.1}{\376\377\123\116\221\314\130\353\121\154\137\017}{section.a.A.3}% 117
\BOOKMARK [2][-]{subsection.a.A.3.2}{\376\377\167\342\221\317\140\122\173\111\137\017}{section.a.A.3}% 118
\BOOKMARK [2][-]{subsection.a.A.3.3}{\376\377\145\257\142\130\121\113\145\257\121\154\137\017}{section.a.A.3}% 119
\BOOKMARK [0][-]{appendix.a.B}{\376\377\116\140\230\230}{}% 120
\BOOKMARK [1][-]{section.a.B.1}{\376\377\117\134\116\032\0002\000-\0003}{appendix.a.B}% 121
\BOOKMARK [1][-]{section.a.B.2}{\376\377\117\134\116\032\0002\000-\0004}{appendix.a.B}% 122
\BOOKMARK [1][-]{section.a.B.3}{\376\377\117\134\116\032\0002\000-\0006}{appendix.a.B}% 123
\BOOKMARK [1][-]{section.a.B.4}{\376\377\117\134\116\032\0002\000-\0007}{appendix.a.B}% 124
